  Boss.cpp
C:\Users\taehw\Documents\GitHub\Shoot-em-up-Style-Game\Boss.cpp(50,50): warning C4244: '인수': 'int'에서 'float'(으)로 변환하면서 데이터가 손실될 수 있습니다.
C:\Users\taehw\Documents\GitHub\Shoot-em-up-Style-Game\Boss.cpp(81,12): warning C4244: '초기화 중': 'double'에서 'float'(으)로 변환하면서 데이터가 손실될 수 있습니다.
C:\Users\taehw\Documents\GitHub\Shoot-em-up-Style-Game\Boss.cpp(82,12): warning C4244: '초기화 중': 'double'에서 'float'(으)로 변환하면서 데이터가 손실될 수 있습니다.
C:\Users\taehw\Documents\GitHub\Shoot-em-up-Style-Game\Boss.cpp(91,12): warning C4244: '초기화 중': 'double'에서 'float'(으)로 변환하면서 데이터가 손실될 수 있습니다.
C:\Users\taehw\Documents\GitHub\Shoot-em-up-Style-Game\Boss.cpp(92,12): warning C4244: '초기화 중': 'double'에서 'float'(으)로 변환하면서 데이터가 손실될 수 있습니다.
C:\Users\taehw\Documents\GitHub\Shoot-em-up-Style-Game\Boss.cpp(82,10): warning C4189: 'y': 지역 변수가 초기화되었으나 참조되지 않았습니다.
C:\Users\taehw\Documents\GitHub\Shoot-em-up-Style-Game\Boss.cpp(81,10): warning C4189: 'x': 지역 변수가 초기화되었으나 참조되지 않았습니다.
C:\Users\taehw\Documents\GitHub\Shoot-em-up-Style-Game\Boss.cpp(92,10): warning C4189: 'y': 지역 변수가 초기화되었으나 참조되지 않았습니다.
C:\Users\taehw\Documents\GitHub\Shoot-em-up-Style-Game\Boss.cpp(91,10): warning C4189: 'x': 지역 변수가 초기화되었으나 참조되지 않았습니다.
C:\Users\taehw\Documents\GitHub\Shoot-em-up-Style-Game\Boss.cpp(109,12): warning C4244: '초기화 중': 'double'에서 'float'(으)로 변환하면서 데이터가 손실될 수 있습니다.
C:\Users\taehw\Documents\GitHub\Shoot-em-up-Style-Game\Boss.cpp(110,12): warning C4244: '초기화 중': 'double'에서 'float'(으)로 변환하면서 데이터가 손실될 수 있습니다.
C:\Users\taehw\Documents\GitHub\Shoot-em-up-Style-Game\Boss.cpp(110,10): warning C4189: 'y': 지역 변수가 초기화되었으나 참조되지 않았습니다.
C:\Users\taehw\Documents\GitHub\Shoot-em-up-Style-Game\Boss.cpp(109,10): warning C4189: 'x': 지역 변수가 초기화되었으나 참조되지 않았습니다.
  BossBullet.cpp
C:\Users\taehw\Documents\GitHub\Shoot-em-up-Style-Game\BossBullet.cpp(49,10): warning C4244: '초기화 중': 'double'에서 'float'(으)로 변환하면서 데이터가 손실될 수 있습니다.
C:\Users\taehw\Documents\GitHub\Shoot-em-up-Style-Game\BossBullet.cpp(50,10): warning C4244: '초기화 중': 'double'에서 'float'(으)로 변환하면서 데이터가 손실될 수 있습니다.
C:\Users\taehw\Documents\GitHub\Shoot-em-up-Style-Game\BossBullet.cpp(86): warning C4238: 비표준 확장이 사용됨: 클래스 rvalue를 lvalue로 사용했습니다.
C:\Users\taehw\Documents\GitHub\Shoot-em-up-Style-Game\BossBullet.cpp(86,79): warning C4238: 비표준 확장이 사용됨: 클래스 rvalue를 lvalue로 사용했습니다.
C:\Users\taehw\Documents\GitHub\Shoot-em-up-Style-Game\BossBullet.cpp(86,91): warning C4238: 비표준 확장이 사용됨: 클래스 rvalue를 lvalue로 사용했습니다.
  코드를 생성하고 있습니다...
  ENGINE_1_2010.vcxproj -> C:\Users\taehw\Documents\GitHub\Shoot-em-up-Style-Game\Debug\ENGINE_1.exe
